<?xml version="1.0" encoding="UTF-8"?>
<testsuite name="Data Rest-API 테스트" tests="5" skipped="0" failures="0" errors="0" timestamp="2023-03-23T07:47:41" hostname="DESKTOP-IRLJETI" time="0.479">
  <properties/>
  <testcase name="[api]게시글 리스트 조회" classname="com.fast.projectboard.controller.DataRestTest" time="0.354"/>
  <testcase name="[api]게시글 -&gt;댓글 리스트 조회" classname="com.fast.projectboard.controller.DataRestTest" time="0.045"/>
  <testcase name="[api]게시글 단건 조회" classname="com.fast.projectboard.controller.DataRestTest" time="0.029"/>
  <testcase name="[api] 댓글 단건 조회" classname="com.fast.projectboard.controller.DataRestTest" time="0.016"/>
  <testcase name="[api] 댓글 리스트 조회" classname="com.fast.projectboard.controller.DataRestTest" time="0.035"/>
  <system-out><![CDATA[2023-03-23T16:47:40.305+09:00  INFO 25112 --- [    Test worker] t.c.s.AnnotationConfigContextLoaderUtils : Could not detect default configuration classes for test class [com.fast.projectboard.controller.DataRestTest]: DataRestTest does not declare any static, non-private, non-final, nested classes annotated with @Configuration.
2023-03-23T16:47:40.315+09:00  INFO 25112 --- [    Test worker] .b.t.c.SpringBootTestContextBootstrapper : Found @SpringBootConfiguration com.fast.projectboard.ProjectBoardApplication for test class com.fast.projectboard.controller.DataRestTest

  .   ____          _            __ _ _
 /\\ / ___'_ __ _ _(_)_ __  __ _ \ \ \ \
( ( )\___ | '_ | '_| | '_ \/ _` | \ \ \ \
 \\/  ___)| |_)| | | | | || (_| |  ) ) ) )
  '  |____| .__|_| |_|_| |_\__, | / / / /
 =========|_|==============|___/=/_/_/_/
 :: Spring Boot ::                (v3.0.4)

2023-03-23T16:47:40.340+09:00  INFO 25112 --- [    Test worker] c.f.p.controller.DataRestTest            : Starting DataRestTest using Java 17.0.6 with PID 25112 (started by rhw in C:\Users\rhw\Documents\Git-personal\project-board)
2023-03-23T16:47:40.341+09:00 DEBUG 25112 --- [    Test worker] c.f.p.controller.DataRestTest            : Running with Spring Boot v3.0.4, Spring v6.0.6
2023-03-23T16:47:40.341+09:00  INFO 25112 --- [    Test worker] c.f.p.controller.DataRestTest            : No active profile set, falling back to 1 default profile: "default"
2023-03-23T16:47:40.559+09:00  INFO 25112 --- [    Test worker] .s.d.r.c.RepositoryConfigurationDelegate : Bootstrapping Spring Data JPA repositories in DEFAULT mode.
2023-03-23T16:47:40.568+09:00  INFO 25112 --- [    Test worker] .s.d.r.c.RepositoryConfigurationDelegate : Finished Spring Data repository scanning in 8 ms. Found 2 JPA repository interfaces.
2023-03-23T16:47:40.617+09:00  INFO 25112 --- [    Test worker] o.hibernate.jpa.internal.util.LogHelper  : HHH000204: Processing PersistenceUnitInfo [name: default]
2023-03-23T16:47:40.626+09:00  INFO 25112 --- [    Test worker] com.zaxxer.hikari.HikariDataSource       : HikariPool-2 - Starting...
2023-03-23T16:47:40.637+09:00  INFO 25112 --- [    Test worker] com.zaxxer.hikari.pool.HikariPool        : HikariPool-2 - Added connection com.mysql.cj.jdbc.ConnectionImpl@222af5ff
2023-03-23T16:47:40.637+09:00  INFO 25112 --- [    Test worker] com.zaxxer.hikari.HikariDataSource       : HikariPool-2 - Start completed.
2023-03-23T16:47:40.638+09:00  INFO 25112 --- [    Test worker] SQL dialect                              : HHH000400: Using dialect: org.hibernate.dialect.MySQLDialect
Hibernate: 
    
    alter table article_comment 
       drop 
       foreign key FKghmocqkgqs5tkmucf5putw64t
Hibernate: 
    
    drop table if exists article
Hibernate: 
    
    drop table if exists article_comment
Hibernate: 
    
    create table article (
       id bigint not null auto_increment,
        created_at datetime(6) not null,
        created_by varchar(100) not null,
        modified_at datetime(6) not null,
        modified_by varchar(100) not null,
        content varchar(10000) not null,
        hashtag varchar(255),
        title varchar(255) not null,
        primary key (id)
    ) engine=InnoDB
Hibernate: 
    
    create table article_comment (
       id bigint not null auto_increment,
        created_at datetime(6) not null,
        created_by varchar(100) not null,
        modified_at datetime(6) not null,
        modified_by varchar(100) not null,
        content varchar(500) not null,
        article_id bigint not null,
        primary key (id)
    ) engine=InnoDB
Hibernate: create index IDX571gx7oqo5xpmgocegaidlcu9 on article (title)
Hibernate: create index IDXai44fu6vaa28ebpydglnv7t3e on article (hashtag)
Hibernate: create index IDXrmt77yibijtk4sarremr67saa on article (created_at)
Hibernate: create index IDXjl4utii2etiocimt799wvtuvv on article (created_by)
Hibernate: create index IDXpieqqnljv147sefofs56h25qx on article_comment (content)
Hibernate: create index IDXh1jx107qecntcbcpc2vfb07ij on article_comment (created_at)
Hibernate: create index IDXc6pa61djuf2o8xnceyyvtdbaq on article_comment (created_by)
Hibernate: 
    
    alter table article_comment 
       add constraint FKghmocqkgqs5tkmucf5putw64t 
       foreign key (article_id) 
       references article (id)
2023-03-23T16:47:40.792+09:00  INFO 25112 --- [    Test worker] o.h.e.t.j.p.i.JtaPlatformInitiator       : HHH000490: Using JtaPlatform implementation: [org.hibernate.engine.transaction.jta.platform.internal.NoJtaPlatform]
2023-03-23T16:47:40.793+09:00  INFO 25112 --- [    Test worker] j.LocalContainerEntityManagerFactoryBean : Initialized JPA EntityManagerFactory for persistence unit 'default'
2023-03-23T16:47:40.821+09:00  WARN 25112 --- [    Test worker] JpaBaseConfiguration$JpaWebConfiguration : spring.jpa.open-in-view is enabled by default. Therefore, database queries may be performed during view rendering. Explicitly configure spring.jpa.open-in-view to disable this warning
2023-03-23T16:47:40.899+09:00 DEBUG 25112 --- [    Test worker] s.w.s.m.m.a.RequestMappingHandlerAdapter : ControllerAdvice beans: 0 @ModelAttribute, 0 @InitBinder, 1 RequestBodyAdvice, 1 ResponseBodyAdvice
2023-03-23T16:47:40.909+09:00 DEBUG 25112 --- [    Test worker] s.w.s.m.m.a.RequestMappingHandlerMapping : 2 mappings in 'requestMappingHandlerMapping'
2023-03-23T16:47:40.912+09:00 DEBUG 25112 --- [    Test worker] o.s.w.s.handler.SimpleUrlHandlerMapping  : Patterns [/webjars/**, /**, /api/explorer/**] in 'resourceHandlerMapping'
2023-03-23T16:47:40.917+09:00 DEBUG 25112 --- [    Test worker] .m.m.a.ExceptionHandlerExceptionResolver : ControllerAdvice beans: 1 @ExceptionHandler, 1 ResponseBodyAdvice
2023-03-23T16:47:41.034+09:00  INFO 25112 --- [    Test worker] o.s.b.t.m.w.SpringBootMockServletContext : Initializing Spring TestDispatcherServlet ''
2023-03-23T16:47:41.035+09:00  INFO 25112 --- [    Test worker] o.s.t.web.servlet.TestDispatcherServlet  : Initializing Servlet ''
2023-03-23T16:47:41.036+09:00  INFO 25112 --- [    Test worker] o.s.b.a.e.web.EndpointLinksResolver      : Exposing 13 endpoint(s) beneath base path '/actuator'
2023-03-23T16:47:41.039+09:00  INFO 25112 --- [    Test worker] o.s.t.web.servlet.TestDispatcherServlet  : Completed initialization in 4 ms
2023-03-23T16:47:41.050+09:00  INFO 25112 --- [    Test worker] c.f.p.controller.DataRestTest            : Started DataRestTest in 0.729 seconds (process running for 5.695)
Hibernate: 
    select
        a1_0.id,
        a1_0.content,
        a1_0.created_at,
        a1_0.created_by,
        a1_0.hashtag,
        a1_0.modified_at,
        a1_0.modified_by,
        a1_0.title 
    from
        article a1_0 limit ?,
        ?
Hibernate: 
    select
        count(a1_0.id) 
    from
        article a1_0
2023-03-23T16:47:41.297+09:00 DEBUG 25112 --- [    Test worker] m.m.a.RequestResponseBodyMethodProcessor : Using 'application/hal+json', given [*/*] and supported [application/hal+json]
2023-03-23T16:47:41.330+09:00 DEBUG 25112 --- [    Test worker] m.m.a.RequestResponseBodyMethodProcessor : Writing [PagedModel { content: [EntityModel { content: Article(id=1, title=Quisque ut erat., content=Vestibul (truncated)...]
Hibernate: 
    select
        a1_0.id,
        a1_0.content,
        a1_0.created_at,
        a1_0.created_by,
        a1_0.hashtag,
        a1_0.modified_at,
        a1_0.modified_by,
        a1_0.title 
    from
        article a1_0 
    where
        a1_0.id=?
Hibernate: 
    select
        a1_0.article_id,
        a1_0.id,
        a1_0.content,
        a1_0.created_at,
        a1_0.created_by,
        a1_0.modified_at,
        a1_0.modified_by 
    from
        article_comment a1_0 
    where
        a1_0.article_id=? 
    order by
        a1_0.id
2023-03-23T16:47:41.445+09:00 DEBUG 25112 --- [    Test worker] o.s.w.s.m.m.a.HttpEntityMethodProcessor  : Using 'application/hal+json', given [*/*] and supported [application/hal+json]
2023-03-23T16:47:41.446+09:00 DEBUG 25112 --- [    Test worker] o.s.w.s.m.m.a.HttpEntityMethodProcessor  : Writing [CollectionModel { content: [EntityModel { content: ArticleComment(id=113, article=Article(id=1, titl (truncated)...]
Hibernate: 
    select
        a1_0.id,
        a1_0.content,
        a1_0.created_at,
        a1_0.created_by,
        a1_0.hashtag,
        a1_0.modified_at,
        a1_0.modified_by,
        a1_0.title 
    from
        article a1_0 
    where
        a1_0.id=?
2023-03-23T16:47:41.477+09:00 DEBUG 25112 --- [    Test worker] o.s.w.s.m.m.a.HttpEntityMethodProcessor  : Using 'application/hal+json', given [*/*] and supported [application/hal+json]
2023-03-23T16:47:41.478+09:00 DEBUG 25112 --- [    Test worker] o.s.w.s.m.m.a.HttpEntityMethodProcessor  : Writing [EntityModel { content: Article(id=1, title=Quisque ut erat., content=Vestibulum quam sapien, varius  (truncated)...]
Hibernate: 
    select
        a1_0.id,
        a2_0.id,
        a2_0.content,
        a2_0.created_at,
        a2_0.created_by,
        a2_0.hashtag,
        a2_0.modified_at,
        a2_0.modified_by,
        a2_0.title,
        a1_0.content,
        a1_0.created_at,
        a1_0.created_by,
        a1_0.modified_at,
        a1_0.modified_by 
    from
        article_comment a1_0 
    join
        article a2_0 
            on a2_0.id=a1_0.article_id 
    where
        a1_0.id=?
2023-03-23T16:47:41.492+09:00 DEBUG 25112 --- [    Test worker] o.s.w.s.m.m.a.HttpEntityMethodProcessor  : Using 'application/hal+json', given [*/*] and supported [application/hal+json]
2023-03-23T16:47:41.493+09:00 DEBUG 25112 --- [    Test worker] o.s.w.s.m.m.a.HttpEntityMethodProcessor  : Writing [EntityModel { content: ArticleComment(id=1, article=Article(id=49, title=Morbi a ipsum., content=In  (truncated)...]
Hibernate: 
    select
        a1_0.id,
        a1_0.article_id,
        a1_0.content,
        a1_0.created_at,
        a1_0.created_by,
        a1_0.modified_at,
        a1_0.modified_by 
    from
        article_comment a1_0 limit ?,
        ?
Hibernate: 
    select
        a1_0.id,
        a1_0.content,
        a1_0.created_at,
        a1_0.created_by,
        a1_0.hashtag,
        a1_0.modified_at,
        a1_0.modified_by,
        a1_0.title 
    from
        article a1_0 
    where
        a1_0.id in(?,?,?,?,?,?,?,?,?,?,?,?,?,?,?,?,?,?,?)
Hibernate: 
    select
        count(a1_0.id) 
    from
        article_comment a1_0
2023-03-23T16:47:41.522+09:00 DEBUG 25112 --- [    Test worker] m.m.a.RequestResponseBodyMethodProcessor : Using 'application/hal+json', given [*/*] and supported [application/hal+json]
2023-03-23T16:47:41.522+09:00 DEBUG 25112 --- [    Test worker] m.m.a.RequestResponseBodyMethodProcessor : Writing [PagedModel { content: [EntityModel { content: ArticleComment(id=1, article=Article(id=49, title=Morb (truncated)...]
]]></system-out>
  <system-err><![CDATA[]]></system-err>
</testsuite>
