<?xml version="1.0" encoding="UTF-8"?>
<testsuite name="com.fast.projectboard.ProjectBoardApplicationTests" tests="1" skipped="0" failures="0" errors="0" timestamp="2023-03-22T07:35:10" hostname="DESKTOP-IRLJETI" time="0.329">
  <properties/>
  <testcase name="contextLoads()" classname="com.fast.projectboard.ProjectBoardApplicationTests" time="0.329"/>
  <system-out><![CDATA[16:35:08.747 [Test worker] DEBUG org.springframework.boot.test.context.SpringBootTestContextBootstrapper - Neither @ContextConfiguration nor @ContextHierarchy found for test class [ProjectBoardApplicationTests]: using SpringBootContextLoader
16:35:08.750 [Test worker] DEBUG org.springframework.test.context.support.AbstractContextLoader - Could not detect default resource locations for test class [com.fast.projectboard.ProjectBoardApplicationTests]: no resource found for suffixes {-context.xml, Context.groovy}.
16:35:08.751 [Test worker] INFO org.springframework.test.context.support.AnnotationConfigContextLoaderUtils - Could not detect default configuration classes for test class [com.fast.projectboard.ProjectBoardApplicationTests]: ProjectBoardApplicationTests does not declare any static, non-private, non-final, nested classes annotated with @Configuration.
16:35:08.770 [Test worker] DEBUG org.springframework.boot.test.context.SpringBootTestContextBootstrapper - Using ContextCustomizers for test class [ProjectBoardApplicationTests]: [DisableObservabilityContextCustomizer, PropertyMappingContextCustomizer, Customizer, ExcludeFilterContextCustomizer, DuplicateJsonObjectContextCustomizer, MockitoContextCustomizer, TestRestTemplateContextCustomizer]
16:35:08.832 [Test worker] DEBUG org.springframework.context.annotation.ClassPathScanningCandidateComponentProvider - Identified candidate component class: file [C:\Users\rhw\Documents\Git-personal\project-board\build\classes\java\main\com\fast\projectboard\ProjectBoardApplication.class]
16:35:08.834 [Test worker] INFO org.springframework.boot.test.context.SpringBootTestContextBootstrapper - Found @SpringBootConfiguration com.fast.projectboard.ProjectBoardApplication for test class com.fast.projectboard.ProjectBoardApplicationTests
16:35:08.929 [Test worker] DEBUG org.springframework.test.context.util.TestContextSpringFactoriesUtils - Skipping candidate TestExecutionListener [org.springframework.test.context.transaction.TransactionalTestExecutionListener] due to a missing dependency. Specify custom TestExecutionListener classes or make the default TestExecutionListener classes and their required dependencies available. Offending class: [org/springframework/transaction/interceptor/TransactionAttributeSource]
16:35:08.930 [Test worker] DEBUG org.springframework.test.context.util.TestContextSpringFactoriesUtils - Skipping candidate TestExecutionListener [org.springframework.test.context.jdbc.SqlScriptsTestExecutionListener] due to a missing dependency. Specify custom TestExecutionListener classes or make the default TestExecutionListener classes and their required dependencies available. Offending class: [org/springframework/transaction/interceptor/TransactionAttribute]
16:35:08.932 [Test worker] DEBUG org.springframework.boot.test.context.SpringBootTestContextBootstrapper - Using TestExecutionListeners for test class [ProjectBoardApplicationTests]: [ServletTestExecutionListener, DirtiesContextBeforeModesTestExecutionListener, ApplicationEventsTestExecutionListener, MockitoTestExecutionListener, DependencyInjectionTestExecutionListener, DirtiesContextTestExecutionListener, EventPublishingTestExecutionListener, RestDocsTestExecutionListener, MockRestServiceServerResetTestExecutionListener, MockMvcPrintOnlyOnFailureTestExecutionListener, WebDriverTestExecutionListener, MockWebServiceServerTestExecutionListener, ResetMocksTestExecutionListener]
16:35:08.933 [Test worker] DEBUG org.springframework.test.context.support.AbstractDirtiesContextTestExecutionListener - Before test class: class [ProjectBoardApplicationTests], class annotated with @DirtiesContext [false] with mode [null]

  .   ____          _            __ _ _
 /\\ / ___'_ __ _ _(_)_ __  __ _ \ \ \ \
( ( )\___ | '_ | '_| | '_ \/ _` | \ \ \ \
 \\/  ___)| |_)| | | | | || (_| |  ) ) ) )
  '  |____| .__|_| |_|_| |_\__, | / / / /
 =========|_|==============|___/=/_/_/_/
 :: Spring Boot ::                (v3.0.4)

2023-03-22T16:35:09.132+09:00  INFO 2404 --- [    Test worker] c.f.p.ProjectBoardApplicationTests       : Starting ProjectBoardApplicationTests using Java 17.0.6 with PID 2404 (started by rhw in C:\Users\rhw\Documents\Git-personal\project-board)
2023-03-22T16:35:09.133+09:00  INFO 2404 --- [    Test worker] c.f.p.ProjectBoardApplicationTests       : No active profile set, falling back to 1 default profile: "default"
2023-03-22T16:35:10.170+09:00  INFO 2404 --- [    Test worker] o.s.b.a.e.web.EndpointLinksResolver      : Exposing 1 endpoint(s) beneath base path '/actuator'
2023-03-22T16:35:10.205+09:00  INFO 2404 --- [    Test worker] c.f.p.ProjectBoardApplicationTests       : Started ProjectBoardApplicationTests in 1.242 seconds (process running for 2.045)
]]></system-out>
  <system-err><![CDATA[]]></system-err>
</testsuite>
